<?xml version="1.0" encoding="UTF-8"?>
<testng-results ignored="0" total="1" passed="0" failed="1" skipped="0">
  <reporter-output>
  </reporter-output>
  <suite started-at="2022-07-04T10:29:14 EDT" name="Default suite" finished-at="2022-07-04T10:29:26 EDT" duration-ms="11580">
    <groups>
    </groups>
    <test started-at="2022-07-04T10:29:14 EDT" name="Default test" finished-at="2022-07-04T10:29:26 EDT" duration-ms="11580">
      <class name="amazontestexecution.AmazonExecution">
        <test-method is-config="true" signature="OpenApplication()[pri:0, instance:amazontestexecution.AmazonExecution@5f9b2141]" started-at="2022-07-04T10:29:14 EDT" name="OpenApplication" finished-at="2022-07-04T10:29:21 EDT" duration-ms="7107" status="PASS">
          <reporter-output>
          </reporter-output>
        </test-method> <!-- OpenApplication -->
        <test-method signature="amazonsignin()[pri:0, instance:amazontestexecution.AmazonExecution@5f9b2141]" started-at="2022-07-04T10:29:21 EDT" name="amazonsignin" finished-at="2022-07-04T10:29:21 EDT" duration-ms="111" status="FAIL">
          <exception class="java.lang.NullPointerException">
            <full-stacktrace>
              <![CDATA[java.lang.NullPointerException
at java.base/java.util.Objects.requireNonNull(Objects.java:221)
at org.openqa.selenium.interactions.Actions.<init>(Actions.java:65)
at amazontestpages.Homepage.Clickyouracct(Homepage.java:26)
at amazontestexecution.AmazonExecution.amazonsignin(AmazonExecution.java:25)
at java.base/jdk.internal.reflect.NativeMethodAccessorImpl.invoke0(Native Method)
at java.base/jdk.internal.reflect.NativeMethodAccessorImpl.invoke(NativeMethodAccessorImpl.java:62)
at java.base/jdk.internal.reflect.DelegatingMethodAccessorImpl.invoke(DelegatingMethodAccessorImpl.java:43)
at java.base/java.lang.reflect.Method.invoke(Method.java:566)
at org.testng.internal.MethodInvocationHelper.invokeMethod(MethodInvocationHelper.java:133)
at org.testng.internal.TestInvoker.invokeMethod(TestInvoker.java:598)
at org.testng.internal.TestInvoker.invokeTestMethod(TestInvoker.java:173)
at org.testng.internal.MethodRunner.runInSequence(MethodRunner.java:46)
at org.testng.internal.TestInvoker$MethodInvocationAgent.invoke(TestInvoker.java:824)
at org.testng.internal.TestInvoker.invokeTestMethods(TestInvoker.java:146)
at org.testng.internal.TestMethodWorker.invokeTestMethods(TestMethodWorker.java:146)
at org.testng.internal.TestMethodWorker.run(TestMethodWorker.java:128)
at java.base/java.util.ArrayList.forEach(ArrayList.java:1541)
at org.testng.TestRunner.privateRun(TestRunner.java:794)
at org.testng.TestRunner.run(TestRunner.java:596)
at org.testng.SuiteRunner.runTest(SuiteRunner.java:377)
at org.testng.SuiteRunner.runSequentially(SuiteRunner.java:371)
at org.testng.SuiteRunner.privateRun(SuiteRunner.java:332)
at org.testng.SuiteRunner.run(SuiteRunner.java:276)
at org.testng.SuiteRunnerWorker.runSuite(SuiteRunnerWorker.java:53)
at org.testng.SuiteRunnerWorker.run(SuiteRunnerWorker.java:96)
at org.testng.TestNG.runSuitesSequentially(TestNG.java:1212)
at org.testng.TestNG.runSuitesLocally(TestNG.java:1134)
at org.testng.TestNG.runSuites(TestNG.java:1063)
at org.testng.TestNG.run(TestNG.java:1031)
at org.testng.remote.AbstractRemoteTestNG.run(AbstractRemoteTestNG.java:115)
at org.testng.remote.RemoteTestNG.initAndRun(RemoteTestNG.java:251)
at org.testng.remote.RemoteTestNG.main(RemoteTestNG.java:77)
]]>
            </full-stacktrace>
          </exception> <!-- java.lang.NullPointerException -->
          <reporter-output>
          </reporter-output>
        </test-method> <!-- amazonsignin -->
        <test-method is-config="true" signature="CloseApplication()[pri:0, instance:amazontestexecution.AmazonExecution@5f9b2141]" started-at="2022-07-04T10:29:21 EDT" name="CloseApplication" finished-at="2022-07-04T10:29:26 EDT" duration-ms="4253" status="PASS">
          <reporter-output>
          </reporter-output>
        </test-method> <!-- CloseApplication -->
      </class> <!-- amazontestexecution.AmazonExecution -->
    </test> <!-- Default test -->
  </suite> <!-- Default suite -->
</testng-results>
